<?xml version="1.0" encoding="UTF-8"?>
<!-- Generated by org.testng.reporters.JUnitReportReporter -->
<testsuite skipped="0" hostname="Jarell-PC" name="com.mindtree.selenium.webDriver.testNG.UserBuy" tests="4" failures="0" timestamp="2020-02-18T21:27:25 CST" time="32.389" errors="0">
  <testcase name="loginAsNewUser" time="23.350" classname="com.mindtree.selenium.webDriver.testNG.UserBuy"/>
  <testcase name="addRandomItemToCart" time="4.885" classname="com.mindtree.selenium.webDriver.testNG.UserBuy"/>
  <testcase name="getResponse" time="0.758" classname="com.mindtree.selenium.webDriver.testNG.UserBuy"/>
  <testcase name="placeOrder" time="3.396" classname="com.mindtree.selenium.webDriver.testNG.UserBuy"/>
</testsuite> <!-- com.mindtree.selenium.webDriver.testNG.UserBuy -->
