<?xml version="1.0" encoding="UTF-8"?>
<!-- Generated by org.testng.reporters.JUnitReportReporter -->
<testsuite skipped="0" hostname="Jarell-PC" name="com.mindtree.selenium.webDriver.testNG.NewUserLogin" tests="4" failures="0" timestamp="2020-02-17T19:34:33 CST" time="19.577" errors="0">
  <testcase name="getResponse" time="0.724" classname="com.mindtree.selenium.webDriver.testNG.NewUserLogin"/>
  <testcase name="login" time="0.339" classname="com.mindtree.selenium.webDriver.testNG.NewUserLogin"/>
  <testcase name="createNewUser" time="12.134" classname="com.mindtree.selenium.webDriver.testNG.NewUserLogin"/>
  <testcase name="openBrowser" time="6.380" classname="com.mindtree.selenium.webDriver.testNG.NewUserLogin"/>
</testsuite> <!-- com.mindtree.selenium.webDriver.testNG.NewUserLogin -->
