<?xml version="1.0" encoding="UTF-8"?>
<!-- Generated by org.testng.reporters.JUnitReportReporter -->
<testsuite skipped="0" hostname="Jarell-PC" name="com.mindtree.selenium.webDriver.testNG.UserBuy" tests="3" failures="0" timestamp="2020-01-26T20:36:16 CST" time="11.384" errors="0">
  <testcase name="loginAsNewUser" time="8.040" classname="com.mindtree.selenium.webDriver.testNG.UserBuy"/>
  <testcase name="addRandomItemToCart" time="2.440" classname="com.mindtree.selenium.webDriver.testNG.UserBuy"/>
  <testcase name="placeOrder" time="0.904" classname="com.mindtree.selenium.webDriver.testNG.UserBuy"/>
</testsuite> <!-- com.mindtree.selenium.webDriver.testNG.UserBuy -->
