<?xml version="1.0" encoding="UTF-8"?>
<!-- Generated by org.testng.reporters.JUnitReportReporter -->
<testsuite skipped="0" hostname="Jarell-PC" name="com.mindtree.selenium.webDriver.testNG.UserBuy" tests="3" failures="0" timestamp="2020-02-02T21:23:16 CST" time="25.360" errors="0">
  <testcase name="placeOrder" time="3.154" classname="com.mindtree.selenium.webDriver.testNG.UserBuy"/>
  <testcase name="loginAsNewUser" time="17.136" classname="com.mindtree.selenium.webDriver.testNG.UserBuy"/>
  <testcase name="addRandomItemToCart" time="5.070" classname="com.mindtree.selenium.webDriver.testNG.UserBuy"/>
</testsuite> <!-- com.mindtree.selenium.webDriver.testNG.UserBuy -->
