<?xml version="1.0" encoding="UTF-8"?>
<!-- Generated by org.testng.reporters.JUnitReportReporter -->
<testsuite skipped="0" hostname="Jarell-PC" name="com.mindtree.selenium.webDriver.testNG.NewUserLogin" tests="3" failures="0" timestamp="2020-01-28T19:58:31 CST" time="15.860" errors="0">
  <testcase name="openBrowser" time="7.063" classname="com.mindtree.selenium.webDriver.testNG.NewUserLogin"/>
  <testcase name="login" time="0.381" classname="com.mindtree.selenium.webDriver.testNG.NewUserLogin"/>
  <testcase name="createNewUser" time="8.416" classname="com.mindtree.selenium.webDriver.testNG.NewUserLogin"/>
</testsuite> <!-- com.mindtree.selenium.webDriver.testNG.NewUserLogin -->
