<?xml version="1.0" encoding="UTF-8"?>
<!-- Generated by org.testng.reporters.JUnitReportReporter -->
<testsuite skipped="0" hostname="Jarell-PC" name="testNG.TestGrouping" tests="4" failures="0" timestamp="2019-09-29T14:10:52 CDT" time="0.012" errors="0">
  <testcase name="f5" time="0.001" classname="testNG.TestGrouping"/>
  <testcase name="f3" time="0.001" classname="testNG.TestGrouping"/>
  <testcase name="f1" time="0.009" classname="testNG.TestGrouping"/>
  <testcase name="f2" time="0.001" classname="testNG.TestGrouping"/>
</testsuite> <!-- testNG.TestGrouping -->
