<?xml version="1.0" encoding="UTF-8"?>
<!-- Generated by org.testng.reporters.JUnitReportReporter -->
<testsuite skipped="0" hostname="Jarell-PC" name="com.mindtree.selenium.webDriver.miscTests.RestTest" tests="1" failures="0" timestamp="2020-02-19T21:38:49 CST" time="0.864" errors="0">
  <testcase name="post" time="0.864" classname="com.mindtree.selenium.webDriver.miscTests.RestTest"/>
</testsuite> <!-- com.mindtree.selenium.webDriver.miscTests.RestTest -->
