<?xml version="1.0" encoding="UTF-8"?>
<!-- Generated by org.testng.reporters.JUnitReportReporter -->
<testsuite skipped="0" hostname="Jarell-PC" name="com.mindtree.selenium.webDriver.testNG.OpenSite" tests="3" failures="0" timestamp="2020-01-26T15:19:55 CST" time="15.003" errors="0">
  <testcase name="openBrowser" time="6.261" classname="com.mindtree.selenium.webDriver.testNG.OpenSite"/>
  <testcase name="login" time="0.308" classname="com.mindtree.selenium.webDriver.testNG.OpenSite"/>
  <testcase name="createNewUser" time="8.434" classname="com.mindtree.selenium.webDriver.testNG.OpenSite"/>
</testsuite> <!-- com.mindtree.selenium.webDriver.testNG.OpenSite -->
