<?xml version="1.0" encoding="UTF-8"?>
<!-- Generated by org.testng.reporters.JUnitReportReporter -->
<testsuite skipped="0" hostname="Jarell-PC" name="com.mindtree.selenium.webDriver.testNG.NewUserLogin" tests="3" failures="0" timestamp="2020-01-26T16:45:41 CST" time="14.503" errors="0">
  <testcase name="createNewUser" time="8.187" classname="com.mindtree.selenium.webDriver.testNG.NewUserLogin"/>
  <testcase name="openBrowser" time="5.914" classname="com.mindtree.selenium.webDriver.testNG.NewUserLogin"/>
  <testcase name="login" time="0.402" classname="com.mindtree.selenium.webDriver.testNG.NewUserLogin"/>
</testsuite> <!-- com.mindtree.selenium.webDriver.testNG.NewUserLogin -->
