<?xml version="1.0" encoding="UTF-8"?>
<!-- Generated by org.testng.reporters.JUnitReportReporter -->
<testsuite skipped="0" hostname="Jarell-PC" name="com.mindtree.selenium.webDriver.testNG.UserBuy" tests="3" failures="0" timestamp="2020-01-28T19:59:04 CST" time="20.072" errors="0">
  <testcase name="loginAsNewUser" time="16.669" classname="com.mindtree.selenium.webDriver.testNG.UserBuy"/>
  <testcase name="placeOrder" time="1.009" classname="com.mindtree.selenium.webDriver.testNG.UserBuy"/>
  <testcase name="addRandomItemToCart" time="2.394" classname="com.mindtree.selenium.webDriver.testNG.UserBuy"/>
</testsuite> <!-- com.mindtree.selenium.webDriver.testNG.UserBuy -->
