<?xml version="1.0" encoding="UTF-8"?>
<!-- Generated by org.testng.reporters.JUnitReportReporter -->
<testsuite skipped="0" hostname="Jarell-PC" name="com.mindtree.selenium.webDriver.testNG.MenuTest" tests="5" failures="0" timestamp="2020-02-01T18:34:46 CST" time="12.038" errors="0">
  <testcase name="openAll" time="2.883" classname="com.mindtree.selenium.webDriver.testNG.MenuTest"/>
  <testcase name="openBeds" time="2.181" classname="com.mindtree.selenium.webDriver.testNG.MenuTest"/>
  <testcase name="openSofas" time="2.633" classname="com.mindtree.selenium.webDriver.testNG.MenuTest"/>
  <testcase name="openChairs" time="2.202" classname="com.mindtree.selenium.webDriver.testNG.MenuTest"/>
  <testcase name="openTables" time="2.139" classname="com.mindtree.selenium.webDriver.testNG.MenuTest"/>
</testsuite> <!-- com.mindtree.selenium.webDriver.testNG.MenuTest -->
