<?xml version="1.0" encoding="UTF-8"?>
<!-- Generated by org.testng.reporters.JUnitReportReporter -->
<testsuite skipped="0" hostname="Jarell-PC" name="com.mindtree.selenium.webDriver.testNG.NewUserLogin" tests="4" failures="0" timestamp="2020-02-18T21:01:35 CST" time="28.144" errors="0">
  <testcase name="getResponse" time="2.975" classname="com.mindtree.selenium.webDriver.testNG.NewUserLogin"/>
  <testcase name="login" time="0.563" classname="com.mindtree.selenium.webDriver.testNG.NewUserLogin"/>
  <testcase name="createNewUser" time="17.070" classname="com.mindtree.selenium.webDriver.testNG.NewUserLogin"/>
  <testcase name="openBrowser" time="7.536" classname="com.mindtree.selenium.webDriver.testNG.NewUserLogin"/>
</testsuite> <!-- com.mindtree.selenium.webDriver.testNG.NewUserLogin -->
