<?xml version="1.0" encoding="UTF-8"?>
<!-- Generated by org.testng.reporters.JUnitReportReporter -->
<testsuite skipped="0" hostname="Jarell-PC" name="testNG.TestFacebookWithDependency" tests="2" failures="0" timestamp="2020-01-26T12:56:31 CST" time="14.172" errors="0">
  <testcase name="login" time="7.718" classname="testNG.TestFacebookWithDependency"/>
  <testcase name="openBrowser" time="6.454" classname="testNG.TestFacebookWithDependency"/>
</testsuite> <!-- testNG.TestFacebookWithDependency -->
