<?xml version="1.0" encoding="UTF-8"?>
<!-- Generated by org.testng.reporters.JUnitReportReporter -->
<testsuite skipped="1" hostname="Jarell-PC" name="testNG.TestAttributes" tests="6" failures="0" timestamp="2019-09-29T13:58:57 CDT" time="0.002" errors="0">
  <testcase name="j" time="0.000" classname="testNG.TestAttributes"/>
  <testcase name="h" time="0.000" classname="testNG.TestAttributes"/>
  <testcase name="j" time="0.001" classname="testNG.TestAttributes"/>
  <testcase name="j" time="0.000" classname="testNG.TestAttributes"/>
  <testcase name="f" time="0.001" classname="testNG.TestAttributes"/>
  <testcase name="g" classname="testNG.TestAttributes">
    <skipped/>
  </testcase> <!-- g -->
</testsuite> <!-- testNG.TestAttributes -->
