<?xml version="1.0" encoding="UTF-8"?>
<!-- Generated by org.testng.reporters.JUnitReportReporter -->
<testsuite skipped="0" hostname="Jarell-PC" name="com.mindtree.selenium.webDriver.testNG.MenuTest" tests="9" failures="0" timestamp="2020-02-10T21:30:35 CST" time="10.617" errors="0">
  <testcase name="openBeds" time="1.239" classname="com.mindtree.selenium.webDriver.testNG.MenuTest"/>
  <testcase name="openAll" time="1.161" classname="com.mindtree.selenium.webDriver.testNG.MenuTest"/>
  <testcase name="search" time="1.331" classname="com.mindtree.selenium.webDriver.testNG.MenuTest"/>
  <testcase name="openTables" time="1.160" classname="com.mindtree.selenium.webDriver.testNG.MenuTest"/>
  <testcase name="support" time="1.111" classname="com.mindtree.selenium.webDriver.testNG.MenuTest"/>
  <testcase name="openChairs" time="1.141" classname="com.mindtree.selenium.webDriver.testNG.MenuTest"/>
  <testcase name="wishlist" time="1.158" classname="com.mindtree.selenium.webDriver.testNG.MenuTest"/>
  <testcase name="openSofas" time="1.161" classname="com.mindtree.selenium.webDriver.testNG.MenuTest"/>
  <testcase name="signin" time="1.155" classname="com.mindtree.selenium.webDriver.testNG.MenuTest"/>
</testsuite> <!-- com.mindtree.selenium.webDriver.testNG.MenuTest -->
