<?xml version="1.0" encoding="UTF-8"?>
<!-- Generated by org.testng.reporters.JUnitReportReporter -->
<testsuite skipped="0" hostname="Jarell-PC" name="com.mindtree.selenium.webDriver.testNG.RestTest" tests="1" failures="0" timestamp="2020-02-17T19:17:13 CST" time="0.764" errors="0">
  <testcase name="getResponse" time="0.764" classname="com.mindtree.selenium.webDriver.testNG.RestTest"/>
</testsuite> <!-- com.mindtree.selenium.webDriver.testNG.RestTest -->
