<?xml version="1.0" encoding="UTF-8"?>
<!-- Generated by org.testng.reporters.JUnitReportReporter -->
<testsuite skipped="0" hostname="Jarell-PC" name="testNG.TestAnnotations" tests="3" failures="0" timestamp="2019-09-29T14:29:09 CDT" time="0.008" errors="0">
  <testcase name="f1" time="0.005" classname="testNG.TestAnnotations"/>
  <testcase name="f3" time="0.001" classname="testNG.TestAnnotations"/>
  <testcase name="f2" time="0.002" classname="testNG.TestAnnotations"/>
</testsuite> <!-- testNG.TestAnnotations -->
