<?xml version="1.0" encoding="UTF-8"?>
<!-- Generated by org.testng.reporters.JUnitReportReporter -->
<testsuite skipped="0" hostname="Jarell-PC" name="com.mindtree.selenium.webDriver.testNG.UserBuy" tests="3" failures="0" timestamp="2020-01-30T21:14:29 CST" time="22.053" errors="0">
  <testcase name="placeOrder" time="1.028" classname="com.mindtree.selenium.webDriver.testNG.UserBuy"/>
  <testcase name="loginAsNewUser" time="18.422" classname="com.mindtree.selenium.webDriver.testNG.UserBuy"/>
  <testcase name="addRandomItemToCart" time="2.603" classname="com.mindtree.selenium.webDriver.testNG.UserBuy"/>
</testsuite> <!-- com.mindtree.selenium.webDriver.testNG.UserBuy -->
