<?xml version="1.0" encoding="UTF-8"?>
<!-- Generated by org.testng.reporters.JUnitReportReporter -->
<testsuite skipped="0" hostname="Jarell-PC" name="com.mindtree.selenium.webDriver.testNG.NewUserLogin" tests="3" failures="0" timestamp="2020-02-13T21:58:06 CST" time="17.776" errors="0">
  <testcase name="login" time="0.350" classname="com.mindtree.selenium.webDriver.testNG.NewUserLogin"/>
  <testcase name="createNewUser" time="11.082" classname="com.mindtree.selenium.webDriver.testNG.NewUserLogin"/>
  <testcase name="openBrowser" time="6.344" classname="com.mindtree.selenium.webDriver.testNG.NewUserLogin"/>
</testsuite> <!-- com.mindtree.selenium.webDriver.testNG.NewUserLogin -->
