<?xml version="1.0" encoding="UTF-8"?>
<!-- Generated by org.testng.reporters.JUnitReportReporter -->
<testsuite skipped="0" hostname="Jarell-PC" name="testNG.TestGroupingNew" tests="4" failures="0" timestamp="2019-09-29T14:10:52 CDT" time="0.005" errors="0">
  <testcase name="g1" time="0.002" classname="testNG.TestGroupingNew"/>
  <testcase name="g4" time="0.001" classname="testNG.TestGroupingNew"/>
  <testcase name="g2" time="0.001" classname="testNG.TestGroupingNew"/>
  <testcase name="g5" time="0.001" classname="testNG.TestGroupingNew"/>
</testsuite> <!-- testNG.TestGroupingNew -->
