<?xml version="1.0" encoding="UTF-8"?>
<!-- Generated by org.testng.reporters.JUnitReportReporter -->
<testsuite skipped="0" hostname="Jarell-PC" name="com.mindtree.selenium.webDriver.testNG.MenuTest" tests="5" failures="0" timestamp="2020-01-30T21:17:58 CST" time="11.061" errors="0">
  <testcase name="openAll" time="2.268" classname="com.mindtree.selenium.webDriver.testNG.MenuTest"/>
  <testcase name="openSofas" time="2.198" classname="com.mindtree.selenium.webDriver.testNG.MenuTest"/>
  <testcase name="openBeds" time="2.192" classname="com.mindtree.selenium.webDriver.testNG.MenuTest"/>
  <testcase name="openChairs" time="2.194" classname="com.mindtree.selenium.webDriver.testNG.MenuTest"/>
  <testcase name="openTables" time="2.209" classname="com.mindtree.selenium.webDriver.testNG.MenuTest"/>
</testsuite> <!-- com.mindtree.selenium.webDriver.testNG.MenuTest -->
