<?xml version="1.0" encoding="UTF-8"?>
<!-- Generated by org.testng.reporters.JUnitReportReporter -->
<testsuite skipped="0" hostname="Jarell-PC" name="com.mindtree.selenium.webDriver.testNG.MenuTest" tests="5" failures="0" timestamp="2020-01-26T17:22:55 CST" time="10.933" errors="0">
  <testcase name="openTables" time="2.178" classname="com.mindtree.selenium.webDriver.testNG.MenuTest"/>
  <testcase name="openAll" time="2.178" classname="com.mindtree.selenium.webDriver.testNG.MenuTest"/>
  <testcase name="openChairs" time="2.285" classname="com.mindtree.selenium.webDriver.testNG.MenuTest"/>
  <testcase name="openSofas" time="2.140" classname="com.mindtree.selenium.webDriver.testNG.MenuTest"/>
  <testcase name="openBeds" time="2.152" classname="com.mindtree.selenium.webDriver.testNG.MenuTest"/>
</testsuite> <!-- com.mindtree.selenium.webDriver.testNG.MenuTest -->
