<?xml version="1.0" encoding="UTF-8"?>
<!-- Generated by org.testng.reporters.JUnitReportReporter -->
<testsuite skipped="0" hostname="Jarell-PC" name="com.mindtree.selenium.webDriver.testNG.UserBuy" tests="3" failures="0" timestamp="2020-02-15T13:48:50 CST" time="24.396" errors="0">
  <testcase name="placeOrder" time="2.990" classname="com.mindtree.selenium.webDriver.testNG.UserBuy"/>
  <testcase name="loginAsNewUser" time="16.719" classname="com.mindtree.selenium.webDriver.testNG.UserBuy"/>
  <testcase name="addRandomItemToCart" time="4.687" classname="com.mindtree.selenium.webDriver.testNG.UserBuy"/>
</testsuite> <!-- com.mindtree.selenium.webDriver.testNG.UserBuy -->
