<?xml version="1.0" encoding="UTF-8"?>
<!-- Generated by org.testng.reporters.JUnitReportReporter -->
<testsuite skipped="0" hostname="Jarell-PC" name="testNG.TestSequencing" tests="5" failures="0" timestamp="2019-09-29T13:58:57 CDT" time="0.005" errors="0">
  <testcase name="d" time="0.001" classname="testNG.TestSequencing"/>
  <testcase name="e" time="0.001" classname="testNG.TestSequencing"/>
  <testcase name="a" time="0.001" classname="testNG.TestSequencing"/>
  <testcase name="b" time="0.001" classname="testNG.TestSequencing"/>
  <testcase name="c" time="0.001" classname="testNG.TestSequencing"/>
</testsuite> <!-- testNG.TestSequencing -->
