<?xml version="1.0" encoding="UTF-8"?>
<!-- Generated by org.testng.reporters.JUnitReportReporter -->
<testsuite skipped="0" hostname="Jarell-PC" name="com.mindtree.selenium.webDriver.testNG.LoggingTest" tests="2" failures="0" timestamp="2020-01-28T19:44:20 CST" time="0.019" errors="0">
  <testcase name="openBrowser" time="0.016" classname="com.mindtree.selenium.webDriver.testNG.LoggingTest"/>
  <testcase name="createNewUser" time="0.003" classname="com.mindtree.selenium.webDriver.testNG.LoggingTest"/>
</testsuite> <!-- com.mindtree.selenium.webDriver.testNG.LoggingTest -->
