<?xml version="1.0" encoding="UTF-8"?>
<!-- Generated by org.testng.reporters.JUnitReportReporter -->
<testsuite skipped="0" hostname="Jarell-PC" name="com.mindtree.selenium.webDriver.testNG.MenuTest" tests="5" failures="0" timestamp="2020-01-28T19:52:54 CST" time="10.856" errors="0">
  <testcase name="openAll" time="2.167" classname="com.mindtree.selenium.webDriver.testNG.MenuTest"/>
  <testcase name="openSofas" time="2.169" classname="com.mindtree.selenium.webDriver.testNG.MenuTest"/>
  <testcase name="openBeds" time="2.189" classname="com.mindtree.selenium.webDriver.testNG.MenuTest"/>
  <testcase name="openTables" time="2.156" classname="com.mindtree.selenium.webDriver.testNG.MenuTest"/>
  <testcase name="openChairs" time="2.175" classname="com.mindtree.selenium.webDriver.testNG.MenuTest"/>
</testsuite> <!-- com.mindtree.selenium.webDriver.testNG.MenuTest -->
